<?xml version="1.0" encoding="UTF-8"?>
<!-- Generated by org.testng.reporters.JUnitReportReporter -->
<testsuite hostname="LENOVO-PG02KN7R" failures="0" tests="1" name="rahulshettyacademy.tests.ErrorValidationsTest" time="64.438" errors="0" timestamp="2024-12-03T15:04:51 IST" skipped="0">
  <testcase classname="rahulshettyacademy.tests.ErrorValidationsTest" name="LoginErrorValidation" time="64.438"/>
</testsuite> <!-- rahulshettyacademy.tests.ErrorValidationsTest -->
